\BOOKMARK [0][-]{chapter.1}{\376\377\0001\000\040\000C\000l\000a\000s\000s\000\040\000I\000n\000d\000e\000x}{}% 1
\BOOKMARK [1][-]{section.1.1}{\376\377\0001\000.\0001\000\040\000C\000l\000a\000s\000s\000\040\000L\000i\000s\000t}{chapter.1}% 2
\BOOKMARK [0][-]{chapter.2}{\376\377\0002\000\040\000C\000l\000a\000s\000s\000\040\000D\000o\000c\000u\000m\000e\000n\000t\000a\000t\000i\000o\000n}{}% 3
\BOOKMARK [1][-]{section.2.1}{\376\377\0002\000.\0001\000\040\000A\000i\000r\000p\000l\000a\000n\000e\000\040\000C\000l\000a\000s\000s\000\040\000R\000e\000f\000e\000r\000e\000n\000c\000e}{chapter.2}% 4
\BOOKMARK [2][-]{subsection.2.1.1}{\376\377\0002\000.\0001\000.\0001\000\040\000D\000e\000t\000a\000i\000l\000e\000d\000\040\000D\000e\000s\000c\000r\000i\000p\000t\000i\000o\000n}{section.2.1}% 5
\BOOKMARK [2][-]{subsection.2.1.2}{\376\377\0002\000.\0001\000.\0002\000\040\000C\000o\000n\000s\000t\000r\000u\000c\000t\000o\000r\000\040\000\046\000\040\000D\000e\000s\000t\000r\000u\000c\000t\000o\000r\000\040\000D\000o\000c\000u\000m\000e\000n\000t\000a\000t\000i\000o\000n}{section.2.1}% 6
\BOOKMARK [3][-]{subsubsection.2.1.2.1}{\376\377\0002\000.\0001\000.\0002\000.\0001\000\040\000A\000i\000r\000p\000l\000a\000n\000e\000\050\000\051}{subsection.2.1.2}% 7
\BOOKMARK [2][-]{subsection.2.1.3}{\376\377\0002\000.\0001\000.\0003\000\040\000M\000e\000m\000b\000e\000r\000\040\000F\000u\000n\000c\000t\000i\000o\000n\000\040\000D\000o\000c\000u\000m\000e\000n\000t\000a\000t\000i\000o\000n}{section.2.1}% 8
\BOOKMARK [3][-]{subsubsection.2.1.3.1}{\376\377\0002\000.\0001\000.\0003\000.\0001\000\040\000a\000p\000p\000r\000o\000a\000c\000h\000\050\000s\000t\000d\000:\000:\000o\000s\000t\000r\000e\000a\000m\000\040\000l\000o\000g\000\051}{subsection.2.1.3}% 9
\BOOKMARK [3][-]{subsubsection.2.1.3.2}{\376\377\0002\000.\0001\000.\0003\000.\0002\000\040\000a\000s\000c\000e\000n\000d\000\050\000s\000t\000d\000:\000:\000o\000s\000t\000r\000e\000a\000m\000\040\000f\000L\000o\000g\000\051}{subsection.2.1.3}% 10
\BOOKMARK [3][-]{subsubsection.2.1.3.3}{\376\377\0002\000.\0001\000.\0003\000.\0003\000\040\000a\000t\000R\000u\000n\000w\000a\000y\000\050\000s\000t\000d\000:\000:\000o\000s\000t\000r\000e\000a\000m\000\040\000f\000L\000o\000g\000\051}{subsection.2.1.3}% 11
\BOOKMARK [3][-]{subsubsection.2.1.3.4}{\376\377\0002\000.\0001\000.\0003\000.\0004\000\040\000c\000h\000e\000c\000k\000F\000u\000e\000l\000\050\000s\000t\000d\000:\000:\000o\000s\000t\000r\000e\000a\000m\000\040\000l\000o\000g\000\051}{subsection.2.1.3}% 12
\BOOKMARK [3][-]{subsubsection.2.1.3.5}{\376\377\0002\000.\0001\000.\0003\000.\0005\000\040\000c\000i\000r\000c\000l\000e\000\050\000s\000t\000d\000:\000:\000o\000s\000t\000r\000e\000a\000m\000\040\000l\000o\000g\000\051}{subsection.2.1.3}% 13
\BOOKMARK [3][-]{subsubsection.2.1.3.6}{\376\377\0002\000.\0001\000.\0003\000.\0006\000\040\000c\000o\000m\000p\000l\000e\000t\000e\000\050\000\051\000\040\000c\000o\000n\000s\000t\000\040}{subsection.2.1.3}% 14
\BOOKMARK [3][-]{subsubsection.2.1.3.7}{\376\377\0002\000.\0001\000.\0003\000.\0007\000\040\000c\000r\000o\000s\000s\000A\000r\000r\000i\000v\000a\000l\000\050\000s\000t\000d\000:\000:\000o\000s\000t\000r\000e\000a\000m\000\040\000l\000o\000g\000\051}{subsection.2.1.3}% 15
\BOOKMARK [3][-]{subsubsection.2.1.3.8}{\376\377\0002\000.\0001\000.\0003\000.\0008\000\040\000d\000e\000b\000o\000a\000r\000d\000\050\000s\000t\000d\000:\000:\000o\000s\000t\000r\000e\000a\000m\000\040\000l\000o\000g\000\051}{subsection.2.1.3}% 16
\BOOKMARK [3][-]{subsubsection.2.1.3.9}{\376\377\0002\000.\0001\000.\0003\000.\0009\000\040\000d\000e\000c\000r\000e\000a\000s\000e\000A\000l\000t\000i\000t\000u\000d\000e\000\050\000\051}{subsection.2.1.3}% 17
\BOOKMARK [3][-]{subsubsection.2.1.3.10}{\376\377\0002\000.\0001\000.\0003\000.\0001\0000\000\040\000d\000e\000c\000r\000e\000a\000s\000e\000T\000i\000m\000e\000R\000e\000m\000a\000i\000n\000i\000n\000g\000\050\000\051}{subsection.2.1.3}% 18
\BOOKMARK [3][-]{subsubsection.2.1.3.11}{\376\377\0002\000.\0001\000.\0003\000.\0001\0001\000\040\000d\000e\000s\000c\000e\000n\000d\000\050\000s\000t\000d\000:\000:\000o\000s\000t\000r\000e\000a\000m\000\040\000l\000o\000g\000\051}{subsection.2.1.3}% 19
\BOOKMARK [3][-]{subsubsection.2.1.3.12}{\376\377\0002\000.\0001\000.\0003\000.\0001\0002\000\040\000g\000e\000t\000F\000u\000e\000l\000C\000o\000s\000t\000\050\000\051}{subsection.2.1.3}% 20
\BOOKMARK [3][-]{subsubsection.2.1.3.13}{\376\377\0002\000.\0001\000.\0003\000.\0001\0003\000\040\000g\000e\000t\000S\000i\000z\000e\000\050\000\051\000\040\000c\000o\000n\000s\000t\000\040}{subsection.2.1.3}% 21
\BOOKMARK [3][-]{subsubsection.2.1.3.14}{\376\377\0002\000.\0001\000.\0003\000.\0001\0004\000\040\000i\000n\000c\000r\000e\000a\000s\000e\000A\000l\000t\000i\000t\000u\000d\000e\000\050\000\051}{subsection.2.1.3}% 22
\BOOKMARK [3][-]{subsubsection.2.1.3.15}{\376\377\0002\000.\0001\000.\0003\000.\0001\0005\000\040\000o\000n\000R\000u\000n\000w\000a\000y\000\050\000s\000t\000d\000:\000:\000o\000s\000t\000r\000e\000a\000m\000\040\000f\000L\000o\000g\000\051}{subsection.2.1.3}% 23
\BOOKMARK [3][-]{subsubsection.2.1.3.16}{\376\377\0002\000.\0001\000.\0003\000.\0001\0006\000\040\000p\000e\000r\000f\000o\000r\000m\000N\000e\000x\000t\000S\000t\000e\000p\000\050\000s\000t\000d\000:\000:\000o\000s\000t\000r\000e\000a\000m\000\040\000l\000o\000g\000\051}{subsection.2.1.3}% 24
\BOOKMARK [3][-]{subsubsection.2.1.3.17}{\376\377\0002\000.\0001\000.\0003\000.\0001\0007\000\040\000p\000r\000e\000p\000a\000r\000e\000\050\000s\000t\000d\000:\000:\000o\000s\000t\000r\000e\000a\000m\000\040\000f\000L\000o\000g\000\051}{subsection.2.1.3}% 25
\BOOKMARK [3][-]{subsubsection.2.1.3.18}{\376\377\0002\000.\0001\000.\0003\000.\0001\0008\000\040\000p\000r\000o\000p\000e\000r\000l\000y\000I\000n\000i\000t\000i\000a\000l\000i\000z\000e\000d\000\050\000\051\000\040\000c\000o\000n\000s\000t\000\040}{subsection.2.1.3}% 26
\BOOKMARK [3][-]{subsubsection.2.1.3.19}{\376\377\0002\000.\0001\000.\0003\000.\0001\0009\000\040\000p\000u\000s\000h\000b\000a\000c\000k\000\050\000s\000t\000d\000:\000:\000o\000s\000t\000r\000e\000a\000m\000\040\000f\000L\000o\000g\000\051}{subsection.2.1.3}% 27
\BOOKMARK [3][-]{subsubsection.2.1.3.20}{\376\377\0002\000.\0001\000.\0003\000.\0002\0000\000\040\000s\000e\000t\000A\000l\000t\000i\000t\000u\000d\000e\000\050\000i\000n\000t\000\040\000a\000l\000t\000i\000t\000u\000d\000e\000\051}{subsection.2.1.3}% 28
\BOOKMARK [3][-]{subsubsection.2.1.3.21}{\376\377\0002\000.\0001\000.\0003\000.\0002\0001\000\040\000s\000e\000t\000C\000u\000r\000F\000u\000e\000l\000\050\000i\000n\000t\000\040\000f\000u\000e\000l\000\051}{subsection.2.1.3}% 29
\BOOKMARK [3][-]{subsubsection.2.1.3.22}{\376\377\0002\000.\0001\000.\0003\000.\0002\0002\000\040\000s\000e\000t\000F\000u\000e\000l\000\050\000i\000n\000t\000\040\000f\000u\000e\000l\000\051}{subsection.2.1.3}% 30
\BOOKMARK [3][-]{subsubsection.2.1.3.23}{\376\377\0002\000.\0001\000.\0003\000.\0002\0003\000\040\000s\000e\000t\000G\000a\000t\000e\000I\000D\000\050\000i\000n\000t\000\040\000i\000d\000\051}{subsection.2.1.3}% 31
\BOOKMARK [3][-]{subsubsection.2.1.3.24}{\376\377\0002\000.\0001\000.\0003\000.\0002\0004\000\040\000s\000e\000t\000P\000a\000s\000s\000e\000n\000g\000e\000r\000s\000\050\000i\000n\000t\000\040\000f\000P\000a\000s\000s\000e\000n\000g\000e\000r\000s\000\051}{subsection.2.1.3}% 32
\BOOKMARK [3][-]{subsubsection.2.1.3.25}{\376\377\0002\000.\0001\000.\0003\000.\0002\0005\000\040\000s\000e\000t\000S\000q\000u\000a\000w\000k\000\050\000i\000n\000t\000\040\000s\000q\000u\000a\000w\000k\000\051}{subsection.2.1.3}% 33
\BOOKMARK [3][-]{subsubsection.2.1.3.26}{\376\377\0002\000.\0001\000.\0003\000.\0002\0006\000\040\000s\000e\000t\000T\000i\000m\000e\000R\000e\000m\000a\000i\000n\000i\000n\000g\000\050\000i\000n\000t\000\040\000t\000i\000m\000e\000\051}{subsection.2.1.3}% 34
\BOOKMARK [3][-]{subsubsection.2.1.3.27}{\376\377\0002\000.\0001\000.\0003\000.\0002\0007\000\040\000t\000a\000x\000i\000A\000r\000r\000i\000v\000a\000l\000\050\000s\000t\000d\000:\000:\000o\000s\000t\000r\000e\000a\000m\000\040\000l\000o\000g\000\051}{subsection.2.1.3}% 35
\BOOKMARK [3][-]{subsubsection.2.1.3.28}{\376\377\0002\000.\0001\000.\0003\000.\0002\0008\000\040\000t\000a\000x\000i\000D\000e\000p\000a\000r\000t\000u\000r\000e\000C\000r\000o\000s\000s\000\050\000s\000t\000d\000:\000:\000o\000s\000t\000r\000e\000a\000m\000\040\000f\000L\000o\000g\000\051}{subsection.2.1.3}% 36
\BOOKMARK [3][-]{subsubsection.2.1.3.29}{\376\377\0002\000.\0001\000.\0003\000.\0002\0009\000\040\000t\000a\000x\000i\000D\000e\000p\000a\000r\000t\000u\000r\000e\000S\000t\000a\000r\000t\000\050\000s\000t\000d\000:\000:\000o\000s\000t\000r\000e\000a\000m\000\040\000f\000L\000o\000g\000\051}{subsection.2.1.3}% 37
\BOOKMARK [3][-]{subsubsection.2.1.3.30}{\376\377\0002\000.\0001\000.\0003\000.\0003\0000\000\040\000t\000a\000x\000i\000D\000e\000p\000a\000r\000t\000u\000r\000e\000S\000t\000e\000p\000\050\000s\000t\000d\000:\000:\000o\000s\000t\000r\000e\000a\000m\000\040\000f\000L\000o\000g\000\051}{subsection.2.1.3}% 38
\BOOKMARK [3][-]{subsubsection.2.1.3.31}{\376\377\0002\000.\0001\000.\0003\000.\0003\0001\000\040\000t\000e\000c\000h\000n\000i\000c\000a\000l\000C\000h\000e\000c\000k\000\050\000s\000t\000d\000:\000:\000o\000s\000t\000r\000e\000a\000m\000\040\000l\000o\000g\000\051}{subsection.2.1.3}% 39
\BOOKMARK [1][-]{section.2.2}{\376\377\0002\000.\0002\000\040\000A\000i\000r\000p\000o\000r\000t\000\040\000C\000l\000a\000s\000s\000\040\000R\000e\000f\000e\000r\000e\000n\000c\000e}{chapter.2}% 40
\BOOKMARK [2][-]{subsection.2.2.1}{\376\377\0002\000.\0002\000.\0001\000\040\000D\000e\000t\000a\000i\000l\000e\000d\000\040\000D\000e\000s\000c\000r\000i\000p\000t\000i\000o\000n}{section.2.2}% 41
\BOOKMARK [2][-]{subsection.2.2.2}{\376\377\0002\000.\0002\000.\0002\000\040\000C\000o\000n\000s\000t\000r\000u\000c\000t\000o\000r\000\040\000\046\000\040\000D\000e\000s\000t\000r\000u\000c\000t\000o\000r\000\040\000D\000o\000c\000u\000m\000e\000n\000t\000a\000t\000i\000o\000n}{section.2.2}% 42
\BOOKMARK [3][-]{subsubsection.2.2.2.1}{\376\377\0002\000.\0002\000.\0002\000.\0001\000\040\000A\000i\000r\000p\000o\000r\000t\000\050\000\051}{subsection.2.2.2}% 43
\BOOKMARK [3][-]{subsubsection.2.2.2.2}{\376\377\0002\000.\0002\000.\0002\000.\0002\000\040\000\040\000A\000i\000r\000p\000o\000r\000t\000\050\000\051}{subsection.2.2.2}% 44
\BOOKMARK [2][-]{subsection.2.2.3}{\376\377\0002\000.\0002\000.\0003\000\040\000M\000e\000m\000b\000e\000r\000\040\000F\000u\000n\000c\000t\000i\000o\000n\000\040\000D\000o\000c\000u\000m\000e\000n\000t\000a\000t\000i\000o\000n}{section.2.2}% 45
\BOOKMARK [3][-]{subsubsection.2.2.3.1}{\376\377\0002\000.\0002\000.\0003\000.\0001\000\040\000a\000d\000d\000R\000u\000n\000w\000a\000y\000\050\000R\000u\000n\000w\000a\000y\000\040\000*\000r\000u\000n\000w\000a\000y\000\051}{subsection.2.2.3}% 46
\BOOKMARK [3][-]{subsubsection.2.2.3.2}{\376\377\0002\000.\0002\000.\0003\000.\0002\000\040\000a\000m\000o\000u\000n\000t\000O\000f\000R\000u\000n\000w\000a\000y\000s\000\050\000\051\000\040\000c\000o\000n\000s\000t\000\040}{subsection.2.2.3}% 47
\BOOKMARK [3][-]{subsubsection.2.2.3.3}{\376\377\0002\000.\0002\000.\0003\000.\0003\000\040\000c\000o\000m\000p\000l\000e\000t\000e\000\050\000\051\000\040\000c\000o\000n\000s\000t\000\040}{subsection.2.2.3}% 48
\BOOKMARK [3][-]{subsubsection.2.2.3.4}{\376\377\0002\000.\0002\000.\0003\000.\0004\000\040\000d\000r\000a\000w\000I\000m\000p\000r\000e\000s\000s\000i\000o\000n\000\050\000c\000o\000n\000s\000t\000\040\000T\000i\000m\000e\000\040\000t\000i\000m\000e\000,\000\040\000c\000o\000n\000s\000t\000\040\000s\000t\000d\000:\000:\000v\000e\000c\000t\000o\000r\000<\000\040\000F\000l\000i\000g\000h\000t\000P\000l\000a\000n\000\040\000*\000\040\000>\000\040\000p\000l\000a\000n\000s\000\051\000\040\000c\000o\000n\000s\000t\000\040}{subsection.2.2.3}% 49
\BOOKMARK [3][-]{subsubsection.2.2.3.5}{\376\377\0002\000.\0002\000.\0003\000.\0005\000\040\000g\000e\000t\000F\000r\000e\000e\000G\000a\000t\000e\000\050\000\051}{subsection.2.2.3}% 50
\BOOKMARK [3][-]{subsubsection.2.2.3.6}{\376\377\0002\000.\0002\000.\0003\000.\0006\000\040\000g\000e\000t\000F\000r\000e\000e\000R\000u\000n\000w\000a\000y\000\050\000A\000i\000r\000p\000l\000a\000n\000e\000\040\000*\000p\000l\000a\000n\000e\000\051\000\040\000c\000o\000n\000s\000t\000\040}{subsection.2.2.3}% 51
\BOOKMARK [3][-]{subsubsection.2.2.3.7}{\376\377\0002\000.\0002\000.\0003\000.\0007\000\040\000g\000e\000t\000N\000a\000m\000e\000\050\000\051\000\040\000c\000o\000n\000s\000t\000\040}{subsection.2.2.3}% 52
\BOOKMARK [3][-]{subsubsection.2.2.3.8}{\376\377\0002\000.\0002\000.\0003\000.\0008\000\040\000g\000e\000t\000N\000e\000x\000t\000R\000u\000n\000w\000a\000y\000\050\000A\000i\000r\000p\000l\000a\000n\000e\000\040\000*\000a\000i\000r\000p\000l\000a\000n\000e\000\051\000\040\000c\000o\000n\000s\000t\000\040}{subsection.2.2.3}% 53
\BOOKMARK [3][-]{subsubsection.2.2.3.9}{\376\377\0002\000.\0002\000.\0003\000.\0009\000\040\000g\000e\000t\000R\000u\000n\000w\000a\000y\000\050\000c\000o\000n\000s\000t\000\040\000s\000t\000d\000:\000:\000s\000t\000r\000i\000n\000g\000\040\000\051\000\040\000c\000o\000n\000s\000t\000\040}{subsection.2.2.3}% 54
\BOOKMARK [3][-]{subsubsection.2.2.3.10}{\376\377\0002\000.\0002\000.\0003\000.\0001\0000\000\040\000g\000r\000a\000p\000h\000i\000c\000s\000I\000N\000I\000\050\000c\000o\000n\000s\000t\000\040\000s\000t\000d\000:\000:\000v\000e\000c\000t\000o\000r\000<\000\040\000F\000l\000i\000g\000h\000t\000P\000l\000a\000n\000\040\000*\000\040\000>\000\040\000p\000l\000a\000n\000s\000\051}{subsection.2.2.3}% 55
\BOOKMARK [3][-]{subsubsection.2.2.3.11}{\376\377\0002\000.\0002\000.\0003\000.\0001\0001\000\040\000i\000n\000i\000t\000G\000a\000t\000e\000s\000\050\000\051}{subsection.2.2.3}% 56
\BOOKMARK [3][-]{subsubsection.2.2.3.12}{\376\377\0002\000.\0002\000.\0003\000.\0001\0002\000\040\000p\000r\000o\000p\000e\000r\000l\000y\000I\000n\000i\000t\000i\000a\000l\000i\000z\000e\000d\000\050\000\051\000\040\000c\000o\000n\000s\000t\000\040}{subsection.2.2.3}% 57
\BOOKMARK [3][-]{subsubsection.2.2.3.13}{\376\377\0002\000.\0002\000.\0003\000.\0001\0003\000\040\000r\000e\000s\000t\000o\000r\000e\000G\000a\000t\000e\000\050\000i\000n\000t\000\040\000i\000d\000\051}{subsection.2.2.3}% 58
\BOOKMARK [3][-]{subsubsection.2.2.3.14}{\376\377\0002\000.\0002\000.\0003\000.\0001\0004\000\040\000s\000e\000t\000G\000a\000t\000e\000s\000\050\000i\000n\000t\000\040\000g\000a\000t\000e\000s\000\051}{subsection.2.2.3}% 59
\BOOKMARK [1][-]{section.2.3}{\376\377\0002\000.\0003\000\040\000A\000T\000C\000\040\000C\000l\000a\000s\000s\000\040\000R\000e\000f\000e\000r\000e\000n\000c\000e}{chapter.2}% 60
\BOOKMARK [2][-]{subsection.2.3.1}{\376\377\0002\000.\0003\000.\0001\000\040\000C\000o\000n\000s\000t\000r\000u\000c\000t\000o\000r\000\040\000\046\000\040\000D\000e\000s\000t\000r\000u\000c\000t\000o\000r\000\040\000D\000o\000c\000u\000m\000e\000n\000t\000a\000t\000i\000o\000n}{section.2.3}% 61
\BOOKMARK [3][-]{subsubsection.2.3.1.1}{\376\377\0002\000.\0003\000.\0001\000.\0001\000\040\000A\000T\000C\000\050\000s\000t\000d\000:\000:\000o\000s\000t\000r\000e\000a\000m\000\040\000s\000t\000r\000e\000a\000m\000\051}{subsection.2.3.1}% 62
\BOOKMARK [3][-]{subsubsection.2.3.1.2}{\376\377\0002\000.\0003\000.\0001\000.\0002\000\040\000\040\000A\000T\000C\000\050\000\051}{subsection.2.3.1}% 63
\BOOKMARK [2][-]{subsection.2.3.2}{\376\377\0002\000.\0003\000.\0002\000\040\000M\000e\000m\000b\000e\000r\000\040\000F\000u\000n\000c\000t\000i\000o\000n\000\040\000D\000o\000c\000u\000m\000e\000n\000t\000a\000t\000i\000o\000n}{section.2.3}% 64
\BOOKMARK [3][-]{subsubsection.2.3.2.1}{\376\377\0002\000.\0003\000.\0002\000.\0001\000\040\000d\000o\000H\000e\000a\000r\000t\000b\000e\000a\000t\000\050\000\051}{subsection.2.3.2}% 65
\BOOKMARK [3][-]{subsubsection.2.3.2.2}{\376\377\0002\000.\0003\000.\0002\000.\0002\000\040\000f\000o\000r\000m\000a\000t\000M\000e\000s\000s\000a\000g\000e\000\050\000T\000i\000m\000e\000\040\000t\000i\000m\000e\000,\000\040\000s\000t\000d\000:\000:\000s\000t\000r\000i\000n\000g\000\040\000s\000o\000u\000r\000c\000e\000,\000\040\000s\000t\000d\000:\000:\000s\000t\000r\000i\000n\000g\000\040\000m\000e\000s\000s\000a\000g\000e\000\051}{subsection.2.3.2}% 66
\BOOKMARK [3][-]{subsubsection.2.3.2.3}{\376\377\0002\000.\0003\000.\0002\000.\0003\000\040\000g\000e\000t\000N\000e\000x\000t\000R\000e\000q\000u\000e\000s\000t\000\050\000\051}{subsection.2.3.2}% 67
\BOOKMARK [3][-]{subsubsection.2.3.2.4}{\376\377\0002\000.\0003\000.\0002\000.\0004\000\040\000g\000e\000t\000Q\000u\000e\000u\000e\000\050\000\051}{subsection.2.3.2}% 68
\BOOKMARK [3][-]{subsubsection.2.3.2.5}{\376\377\0002\000.\0003\000.\0002\000.\0005\000\040\000g\000e\000t\000Q\000u\000e\000u\000e\000S\000i\000z\000e\000\050\000\051\000\040\000c\000o\000n\000s\000t\000\040}{subsection.2.3.2}% 69
\BOOKMARK [3][-]{subsubsection.2.3.2.6}{\376\377\0002\000.\0003\000.\0002\000.\0006\000\040\000g\000e\000t\000S\000q\000u\000a\000w\000k\000\050\000A\000i\000r\000p\000l\000a\000n\000e\000\040\000*\000a\000i\000r\000p\000l\000a\000n\000e\000\051}{subsection.2.3.2}% 70
\BOOKMARK [3][-]{subsubsection.2.3.2.7}{\376\377\0002\000.\0003\000.\0002\000.\0007\000\040\000g\000e\000t\000T\000i\000m\000e\000\050\000\051\000\040\000c\000o\000n\000s\000t\000\040}{subsection.2.3.2}% 71
\BOOKMARK [3][-]{subsubsection.2.3.2.8}{\376\377\0002\000.\0003\000.\0002\000.\0008\000\040\000p\000r\000o\000c\000e\000s\000s\000A\000p\000p\000r\000o\000a\000c\000h\000\050\000A\000i\000r\000p\000l\000a\000n\000e\000\040\000*\000a\000i\000r\000p\000l\000a\000n\000e\000\051}{subsection.2.3.2}% 72
\BOOKMARK [3][-]{subsubsection.2.3.2.9}{\376\377\0002\000.\0003\000.\0002\000.\0009\000\040\000p\000r\000o\000c\000e\000s\000s\000D\000e\000s\000c\000e\000n\000d\000\050\000A\000i\000r\000p\000l\000a\000n\000e\000\040\000*\000a\000i\000r\000p\000l\000a\000n\000e\000\051}{subsection.2.3.2}% 73
\BOOKMARK [3][-]{subsubsection.2.3.2.10}{\376\377\0002\000.\0003\000.\0002\000.\0001\0000\000\040\000p\000r\000o\000c\000e\000s\000s\000E\000m\000e\000r\000g\000e\000n\000c\000y\000\050\000A\000i\000r\000p\000l\000a\000n\000e\000\040\000*\000a\000i\000r\000p\000l\000a\000n\000e\000\051}{subsection.2.3.2}% 74
\BOOKMARK [3][-]{subsubsection.2.3.2.11}{\376\377\0002\000.\0003\000.\0002\000.\0001\0001\000\040\000p\000r\000o\000c\000e\000s\000s\000I\000F\000R\000C\000l\000e\000a\000r\000a\000n\000c\000e\000\050\000A\000i\000r\000p\000l\000a\000n\000e\000\040\000*\000a\000i\000r\000p\000l\000a\000n\000e\000\051}{subsection.2.3.2}% 75
\BOOKMARK [3][-]{subsubsection.2.3.2.12}{\376\377\0002\000.\0003\000.\0002\000.\0001\0002\000\040\000p\000r\000o\000c\000e\000s\000s\000P\000u\000s\000h\000b\000a\000c\000k\000\050\000A\000i\000r\000p\000l\000a\000n\000e\000\040\000*\000a\000i\000r\000p\000l\000a\000n\000e\000\051}{subsection.2.3.2}% 76
\BOOKMARK [3][-]{subsubsection.2.3.2.13}{\376\377\0002\000.\0003\000.\0002\000.\0001\0003\000\040\000p\000r\000o\000c\000e\000s\000s\000T\000a\000k\000e\000O\000f\000f\000\050\000A\000i\000r\000p\000l\000a\000n\000e\000\040\000*\000a\000i\000r\000p\000l\000a\000n\000e\000\051}{subsection.2.3.2}% 77
\BOOKMARK [3][-]{subsubsection.2.3.2.14}{\376\377\0002\000.\0003\000.\0002\000.\0001\0004\000\040\000p\000r\000o\000c\000e\000s\000s\000T\000a\000k\000e\000O\000f\000f\000R\000u\000n\000w\000a\000y\000\050\000A\000i\000r\000p\000l\000a\000n\000e\000\040\000*\000a\000i\000r\000p\000l\000a\000n\000e\000\051}{subsection.2.3.2}% 78
\BOOKMARK [3][-]{subsubsection.2.3.2.15}{\376\377\0002\000.\0003\000.\0002\000.\0001\0005\000\040\000p\000r\000o\000c\000e\000s\000s\000T\000a\000x\000i\000A\000r\000r\000i\000v\000a\000l\000\050\000A\000i\000r\000p\000l\000a\000n\000e\000\040\000*\000a\000i\000r\000p\000l\000a\000n\000e\000\051}{subsection.2.3.2}% 79
\BOOKMARK [3][-]{subsubsection.2.3.2.16}{\376\377\0002\000.\0003\000.\0002\000.\0001\0006\000\040\000p\000r\000o\000c\000e\000s\000s\000T\000a\000x\000i\000I\000n\000i\000t\000i\000a\000l\000i\000s\000e\000\050\000A\000i\000r\000p\000l\000a\000n\000e\000\040\000*\000a\000i\000r\000p\000l\000a\000n\000e\000\051}{subsection.2.3.2}% 80
\BOOKMARK [3][-]{subsubsection.2.3.2.17}{\376\377\0002\000.\0003\000.\0002\000.\0001\0007\000\040\000p\000r\000o\000c\000e\000s\000s\000T\000a\000x\000i\000I\000n\000s\000t\000r\000u\000c\000t\000i\000o\000n\000\050\000A\000i\000r\000p\000l\000a\000n\000e\000\040\000*\000a\000i\000r\000p\000l\000a\000n\000e\000\051}{subsection.2.3.2}% 81
\BOOKMARK [3][-]{subsubsection.2.3.2.18}{\376\377\0002\000.\0003\000.\0002\000.\0001\0008\000\040\000p\000r\000o\000c\000e\000s\000s\000U\000r\000g\000e\000n\000t\000E\000m\000e\000r\000g\000e\000n\000c\000y\000\050\000A\000i\000r\000p\000l\000a\000n\000e\000\040\000*\000a\000i\000r\000p\000l\000a\000n\000e\000\051}{subsection.2.3.2}% 82
\BOOKMARK [3][-]{subsubsection.2.3.2.19}{\376\377\0002\000.\0003\000.\0002\000.\0001\0009\000\040\000p\000r\000o\000p\000e\000r\000l\000y\000I\000n\000i\000t\000i\000a\000l\000i\000z\000e\000d\000\050\000\051\000\040\000c\000o\000n\000s\000t\000\040}{subsection.2.3.2}% 83
\BOOKMARK [3][-]{subsubsection.2.3.2.20}{\376\377\0002\000.\0003\000.\0002\000.\0002\0000\000\040\000s\000e\000n\000d\000M\000e\000s\000s\000a\000g\000e\000\050\000c\000o\000n\000s\000t\000\040\000s\000t\000d\000:\000:\000s\000t\000r\000i\000n\000g\000\040\000m\000e\000s\000s\000a\000g\000e\000\051}{subsection.2.3.2}% 84
\BOOKMARK [3][-]{subsubsection.2.3.2.21}{\376\377\0002\000.\0003\000.\0002\000.\0002\0001\000\040\000s\000e\000n\000d\000R\000e\000q\000u\000e\000s\000t\000\050\000T\000i\000m\000e\000\040\000t\000i\000m\000e\000,\000\040\000A\000i\000r\000p\000l\000a\000n\000e\000\040\000*\000s\000o\000u\000r\000c\000e\000\051}{subsection.2.3.2}% 85
\BOOKMARK [3][-]{subsubsection.2.3.2.22}{\376\377\0002\000.\0003\000.\0002\000.\0002\0002\000\040\000s\000e\000t\000T\000i\000m\000e\000\050\000T\000i\000m\000e\000\040\000t\000i\000m\000e\000\051}{subsection.2.3.2}% 86
\BOOKMARK [1][-]{section.2.4}{\376\377\0002\000.\0004\000\040\000A\000T\000C\000R\000e\000q\000u\000e\000s\000t\000\040\000S\000t\000r\000u\000c\000t\000\040\000R\000e\000f\000e\000r\000e\000n\000c\000e}{chapter.2}% 87
\BOOKMARK [2][-]{subsection.2.4.1}{\376\377\0002\000.\0004\000.\0001\000\040\000C\000o\000n\000s\000t\000r\000u\000c\000t\000o\000r\000\040\000\046\000\040\000D\000e\000s\000t\000r\000u\000c\000t\000o\000r\000\040\000D\000o\000c\000u\000m\000e\000n\000t\000a\000t\000i\000o\000n}{section.2.4}% 88
\BOOKMARK [3][-]{subsubsection.2.4.1.1}{\376\377\0002\000.\0004\000.\0001\000.\0001\000\040\000A\000T\000C\000R\000e\000q\000u\000e\000s\000t\000\050\000T\000i\000m\000e\000\040\000t\000i\000m\000e\000,\000\040\000A\000i\000r\000p\000l\000a\000n\000e\000\040\000*\000p\000l\000a\000n\000e\000\051}{subsection.2.4.1}% 89
\BOOKMARK [2][-]{subsection.2.4.2}{\376\377\0002\000.\0004\000.\0002\000\040\000M\000e\000m\000b\000e\000r\000\040\000D\000a\000t\000a\000\040\000D\000o\000c\000u\000m\000e\000n\000t\000a\000t\000i\000o\000n}{section.2.4}% 90
\BOOKMARK [3][-]{subsubsection.2.4.2.1}{\376\377\0002\000.\0004\000.\0002\000.\0001\000\040\000f\000A\000i\000r\000p\000l\000a\000n\000e}{subsection.2.4.2}% 91
\BOOKMARK [3][-]{subsubsection.2.4.2.2}{\376\377\0002\000.\0004\000.\0002\000.\0002\000\040\000f\000T\000i\000m\000e}{subsection.2.4.2}% 92
\BOOKMARK [1][-]{section.2.5}{\376\377\0002\000.\0005\000\040\000C\000o\000m\000p\000a\000r\000a\000t\000o\000r\000\040\000S\000t\000r\000u\000c\000t\000\040\000R\000e\000f\000e\000r\000e\000n\000c\000e}{chapter.2}% 93
\BOOKMARK [1][-]{section.2.6}{\376\377\0002\000.\0006\000\040\000F\000l\000i\000g\000h\000t\000P\000l\000a\000n\000\040\000C\000l\000a\000s\000s\000\040\000R\000e\000f\000e\000r\000e\000n\000c\000e}{chapter.2}% 94
\BOOKMARK [2][-]{subsection.2.6.1}{\376\377\0002\000.\0006\000.\0001\000\040\000D\000e\000t\000a\000i\000l\000e\000d\000\040\000D\000e\000s\000c\000r\000i\000p\000t\000i\000o\000n}{section.2.6}% 95
\BOOKMARK [2][-]{subsection.2.6.2}{\376\377\0002\000.\0006\000.\0002\000\040\000C\000o\000n\000s\000t\000r\000u\000c\000t\000o\000r\000\040\000\046\000\040\000D\000e\000s\000t\000r\000u\000c\000t\000o\000r\000\040\000D\000o\000c\000u\000m\000e\000n\000t\000a\000t\000i\000o\000n}{section.2.6}% 96
\BOOKMARK [3][-]{subsubsection.2.6.2.1}{\376\377\0002\000.\0006\000.\0002\000.\0001\000\040\000F\000l\000i\000g\000h\000t\000P\000l\000a\000n\000\050\000\051}{subsection.2.6.2}% 97
\BOOKMARK [3][-]{subsubsection.2.6.2.2}{\376\377\0002\000.\0006\000.\0002\000.\0002\000\040\000\040\000F\000l\000i\000g\000h\000t\000P\000l\000a\000n\000\050\000\051}{subsection.2.6.2}% 98
\BOOKMARK [2][-]{subsection.2.6.3}{\376\377\0002\000.\0006\000.\0003\000\040\000M\000e\000m\000b\000e\000r\000\040\000F\000u\000n\000c\000t\000i\000o\000n\000\040\000D\000o\000c\000u\000m\000e\000n\000t\000a\000t\000i\000o\000n}{section.2.6}% 99
\BOOKMARK [3][-]{subsubsection.2.6.3.1}{\376\377\0002\000.\0006\000.\0003\000.\0001\000\040\000c\000o\000m\000p\000l\000e\000t\000e\000\050\000\051\000\040\000c\000o\000n\000s\000t\000\040}{subsection.2.6.3}% 100
\BOOKMARK [3][-]{subsubsection.2.6.3.2}{\376\377\0002\000.\0006\000.\0003\000.\0002\000\040\000g\000e\000t\000D\000e\000s\000t\000i\000n\000a\000t\000i\000o\000n\000\050\000\051\000\040\000c\000o\000n\000s\000t\000\040}{subsection.2.6.3}% 101
\BOOKMARK [3][-]{subsubsection.2.6.3.3}{\376\377\0002\000.\0006\000.\0003\000.\0003\000\040\000g\000e\000t\000E\000v\000e\000n\000t\000\050\000T\000i\000m\000e\000\040\000t\000i\000m\000e\000\051}{subsection.2.6.3}% 102
\BOOKMARK [3][-]{subsubsection.2.6.3.4}{\376\377\0002\000.\0006\000.\0003\000.\0004\000\040\000p\000r\000o\000p\000e\000r\000l\000y\000I\000n\000i\000t\000i\000a\000l\000i\000z\000e\000d\000\050\000\051\000\040\000c\000o\000n\000s\000t\000\040}{subsection.2.6.3}% 103
\BOOKMARK [3][-]{subsubsection.2.6.3.5}{\376\377\0002\000.\0006\000.\0003\000.\0005\000\040\000s\000e\000t\000A\000r\000r\000i\000v\000a\000l\000\050\000i\000n\000t\000\040\000a\000r\000r\000i\000v\000a\000l\000\051}{subsection.2.6.3}% 104
\BOOKMARK [3][-]{subsubsection.2.6.3.6}{\376\377\0002\000.\0006\000.\0003\000.\0006\000\040\000s\000e\000t\000D\000e\000p\000a\000r\000t\000u\000r\000e\000\050\000i\000n\000t\000\040\000d\000e\000p\000a\000r\000t\000u\000r\000e\000\051}{subsection.2.6.3}% 105
\BOOKMARK [3][-]{subsubsection.2.6.3.7}{\376\377\0002\000.\0006\000.\0003\000.\0007\000\040\000s\000e\000t\000I\000n\000t\000e\000r\000v\000a\000l\000\050\000i\000n\000t\000\040\000i\000n\000t\000e\000r\000v\000a\000l\000\051}{subsection.2.6.3}% 106
\BOOKMARK [1][-]{section.2.7}{\376\377\0002\000.\0007\000\040\000G\000r\000a\000p\000h\000i\000c\000s\000\040\000C\000l\000a\000s\000s\000\040\000R\000e\000f\000e\000r\000e\000n\000c\000e}{chapter.2}% 107
\BOOKMARK [2][-]{subsection.2.7.1}{\376\377\0002\000.\0007\000.\0001\000\040\000D\000e\000t\000a\000i\000l\000e\000d\000\040\000D\000e\000s\000c\000r\000i\000p\000t\000i\000o\000n}{section.2.7}% 108
\BOOKMARK [2][-]{subsection.2.7.2}{\376\377\0002\000.\0007\000.\0002\000\040\000C\000o\000n\000s\000t\000r\000u\000c\000t\000o\000r\000\040\000\046\000\040\000D\000e\000s\000t\000r\000u\000c\000t\000o\000r\000\040\000D\000o\000c\000u\000m\000e\000n\000t\000a\000t\000i\000o\000n}{section.2.7}% 109
\BOOKMARK [3][-]{subsubsection.2.7.2.1}{\376\377\0002\000.\0007\000.\0002\000.\0001\000\040\000G\000r\000a\000p\000h\000i\000c\000s\000\050\000A\000i\000r\000p\000o\000r\000t\000\040\000*\000a\000i\000r\000p\000o\000r\000t\000\051}{subsection.2.7.2}% 110
\BOOKMARK [2][-]{subsection.2.7.3}{\376\377\0002\000.\0007\000.\0003\000\040\000M\000e\000m\000b\000e\000r\000\040\000F\000u\000n\000c\000t\000i\000o\000n\000\040\000D\000o\000c\000u\000m\000e\000n\000t\000a\000t\000i\000o\000n}{section.2.7}% 111
\BOOKMARK [3][-]{subsubsection.2.7.3.1}{\376\377\0002\000.\0007\000.\0003\000.\0001\000\040\000a\000d\000d\000E\000l\000e\000m\000e\000n\000t\000\050\000A\000i\000r\000p\000l\000a\000n\000e\000\040\000*\000a\000i\000r\000p\000l\000a\000n\000e\000\051}{subsection.2.7.3}% 112
\BOOKMARK [3][-]{subsubsection.2.7.3.2}{\376\377\0002\000.\0007\000.\0003\000.\0002\000\040\000a\000d\000d\000E\000l\000e\000m\000e\000n\000t\000\050\000R\000u\000n\000w\000a\000y\000\040\000*\000r\000u\000n\000w\000a\000y\000\051}{subsection.2.7.3}% 113
\BOOKMARK [3][-]{subsubsection.2.7.3.3}{\376\377\0002\000.\0007\000.\0003\000.\0003\000\040\000g\000e\000n\000e\000r\000a\000t\000e\000I\000N\000I\000\050\000d\000o\000u\000b\000l\000e\000\040\000x\000,\000\040\000d\000o\000u\000b\000l\000e\000\040\000y\000,\000\040\000d\000o\000u\000b\000l\000e\000\040\000z\000,\000\040\000i\000n\000t\000\040\000s\000i\000z\000e\000=\0003\0000\0000\0000\000\051\000\040\000c\000o\000n\000s\000t\000\040}{subsection.2.7.3}% 114
\BOOKMARK [3][-]{subsubsection.2.7.3.4}{\376\377\0002\000.\0007\000.\0003\000.\0004\000\040\000p\000r\000o\000p\000e\000r\000l\000y\000I\000n\000i\000t\000i\000a\000l\000i\000z\000e\000d\000\050\000\051\000\040\000c\000o\000n\000s\000t\000\040}{subsection.2.7.3}% 115
\BOOKMARK [1][-]{section.2.8}{\376\377\0002\000.\0008\000\040\000I\000n\000p\000u\000t\000\040\000C\000l\000a\000s\000s\000\040\000R\000e\000f\000e\000r\000e\000n\000c\000e}{chapter.2}% 116
\BOOKMARK [2][-]{subsection.2.8.1}{\376\377\0002\000.\0008\000.\0001\000\040\000D\000e\000t\000a\000i\000l\000e\000d\000\040\000D\000e\000s\000c\000r\000i\000p\000t\000i\000o\000n}{section.2.8}% 117
\BOOKMARK [2][-]{subsection.2.8.2}{\376\377\0002\000.\0008\000.\0002\000\040\000C\000o\000n\000s\000t\000r\000u\000c\000t\000o\000r\000\040\000\046\000\040\000D\000e\000s\000t\000r\000u\000c\000t\000o\000r\000\040\000D\000o\000c\000u\000m\000e\000n\000t\000a\000t\000i\000o\000n}{section.2.8}% 118
\BOOKMARK [3][-]{subsubsection.2.8.2.1}{\376\377\0002\000.\0008\000.\0002\000.\0001\000\040\000I\000n\000p\000u\000t\000\050\000\051}{subsection.2.8.2}% 119
\BOOKMARK [2][-]{subsection.2.8.3}{\376\377\0002\000.\0008\000.\0003\000\040\000M\000e\000m\000b\000e\000r\000\040\000F\000u\000n\000c\000t\000i\000o\000n\000\040\000D\000o\000c\000u\000m\000e\000n\000t\000a\000t\000i\000o\000n}{section.2.8}% 120
\BOOKMARK [3][-]{subsubsection.2.8.3.1}{\376\377\0002\000.\0008\000.\0003\000.\0001\000\040\000a\000d\000d\000A\000i\000r\000p\000o\000r\000t\000\050\000A\000i\000r\000p\000o\000r\000t\000\040\000*\000a\000i\000r\000p\000o\000r\000t\000\051}{subsection.2.8.3}% 121
\BOOKMARK [3][-]{subsubsection.2.8.3.2}{\376\377\0002\000.\0008\000.\0003\000.\0002\000\040\000a\000d\000d\000F\000l\000i\000g\000h\000t\000P\000l\000a\000n\000\050\000F\000l\000i\000g\000h\000t\000P\000l\000a\000n\000\040\000*\000f\000l\000i\000g\000h\000t\000P\000l\000a\000n\000\051}{subsection.2.8.3}% 122
\BOOKMARK [3][-]{subsubsection.2.8.3.3}{\376\377\0002\000.\0008\000.\0003\000.\0003\000\040\000a\000d\000d\000R\000u\000n\000w\000a\000y\000\050\000R\000u\000n\000w\000a\000y\000\040\000*\000r\000u\000n\000w\000a\000y\000\051}{subsection.2.8.3}% 123
\BOOKMARK [3][-]{subsubsection.2.8.3.4}{\376\377\0002\000.\0008\000.\0003\000.\0004\000\040\000f\000i\000n\000d\000A\000i\000r\000p\000o\000r\000t\000B\000y\000I\000A\000T\000A\000\050\000c\000o\000n\000s\000t\000\040\000s\000t\000d\000:\000:\000s\000t\000r\000i\000n\000g\000\040\000i\000a\000t\000a\000\051\000\040\000c\000o\000n\000s\000t\000\040}{subsection.2.8.3}% 124
\BOOKMARK [3][-]{subsubsection.2.8.3.5}{\376\377\0002\000.\0008\000.\0003\000.\0005\000\040\000g\000e\000t\000A\000i\000r\000p\000o\000r\000t\000s\000\050\000\051\000\040\000c\000o\000n\000s\000t\000\040}{subsection.2.8.3}% 125
\BOOKMARK [3][-]{subsubsection.2.8.3.6}{\376\377\0002\000.\0008\000.\0003\000.\0006\000\040\000g\000e\000t\000F\000l\000i\000g\000h\000t\000P\000l\000a\000n\000s\000\050\000\051\000\040\000c\000o\000n\000s\000t\000\040}{subsection.2.8.3}% 126
\BOOKMARK [3][-]{subsubsection.2.8.3.7}{\376\377\0002\000.\0008\000.\0003\000.\0007\000\040\000i\000s\000N\000u\000m\000b\000e\000r\000\050\000c\000o\000n\000s\000t\000\040\000s\000t\000d\000:\000:\000s\000t\000r\000i\000n\000g\000\040\000i\000n\000p\000u\000t\000\051}{subsection.2.8.3}% 127
\BOOKMARK [3][-]{subsubsection.2.8.3.8}{\376\377\0002\000.\0008\000.\0003\000.\0008\000\040\000p\000r\000o\000p\000e\000r\000l\000y\000I\000n\000i\000t\000i\000a\000l\000i\000z\000e\000d\000\050\000\051\000\040\000c\000o\000n\000s\000t\000\040}{subsection.2.8.3}% 128
\BOOKMARK [3][-]{subsubsection.2.8.3.9}{\376\377\0002\000.\0008\000.\0003\000.\0009\000\040\000r\000e\000a\000d\000\050\000c\000o\000n\000s\000t\000\040\000s\000t\000d\000:\000:\000s\000t\000r\000i\000n\000g\000\040\000f\000i\000l\000e\000n\000a\000m\000e\000,\000\040\000s\000t\000d\000:\000:\000o\000s\000t\000r\000e\000a\000m\000\040\000e\000r\000r\000o\000r\000L\000o\000g\000=\000s\000t\000d\000:\000:\000c\000e\000r\000r\000\051}{subsection.2.8.3}% 129
\BOOKMARK [1][-]{section.2.9}{\376\377\0002\000.\0009\000\040\000R\000u\000n\000w\000a\000y\000\040\000C\000l\000a\000s\000s\000\040\000R\000e\000f\000e\000r\000e\000n\000c\000e}{chapter.2}% 130
\BOOKMARK [2][-]{subsection.2.9.1}{\376\377\0002\000.\0009\000.\0001\000\040\000D\000e\000t\000a\000i\000l\000e\000d\000\040\000D\000e\000s\000c\000r\000i\000p\000t\000i\000o\000n}{section.2.9}% 131
\BOOKMARK [2][-]{subsection.2.9.2}{\376\377\0002\000.\0009\000.\0002\000\040\000C\000o\000n\000s\000t\000r\000u\000c\000t\000o\000r\000\040\000\046\000\040\000D\000e\000s\000t\000r\000u\000c\000t\000o\000r\000\040\000D\000o\000c\000u\000m\000e\000n\000t\000a\000t\000i\000o\000n}{section.2.9}% 132
\BOOKMARK [3][-]{subsubsection.2.9.2.1}{\376\377\0002\000.\0009\000.\0002\000.\0001\000\040\000R\000u\000n\000w\000a\000y\000\050\000\051}{subsection.2.9.2}% 133
\BOOKMARK [2][-]{subsection.2.9.3}{\376\377\0002\000.\0009\000.\0003\000\040\000M\000e\000m\000b\000e\000r\000\040\000F\000u\000n\000c\000t\000i\000o\000n\000\040\000D\000o\000c\000u\000m\000e\000n\000t\000a\000t\000i\000o\000n}{section.2.9}% 134
\BOOKMARK [3][-]{subsubsection.2.9.3.1}{\376\377\0002\000.\0009\000.\0003\000.\0001\000\040\000c\000o\000m\000p\000l\000e\000t\000e\000\050\000\051\000\040\000c\000o\000n\000s\000t\000\040}{subsection.2.9.3}% 135
\BOOKMARK [3][-]{subsubsection.2.9.3.2}{\376\377\0002\000.\0009\000.\0003\000.\0002\000\040\000g\000e\000t\000T\000y\000p\000e\000\050\000\051\000\040\000c\000o\000n\000s\000t\000\040}{subsection.2.9.3}% 136
\BOOKMARK [3][-]{subsubsection.2.9.3.3}{\376\377\0002\000.\0009\000.\0003\000.\0003\000\040\000p\000r\000o\000p\000e\000r\000l\000y\000I\000n\000i\000t\000i\000a\000l\000i\000z\000e\000d\000\050\000\051\000\040\000c\000o\000n\000s\000t\000\040}{subsection.2.9.3}% 137
\BOOKMARK [3][-]{subsubsection.2.9.3.4}{\376\377\0002\000.\0009\000.\0003\000.\0004\000\040\000v\000a\000l\000i\000d\000F\000o\000r\000A\000i\000r\000p\000l\000a\000n\000e\000\050\000A\000i\000r\000p\000l\000a\000n\000e\000\040\000*\000p\000l\000a\000n\000e\000\051\000\040\000c\000o\000n\000s\000t\000\040}{subsection.2.9.3}% 138
\BOOKMARK [1][-]{section.2.10}{\376\377\0002\000.\0001\0000\000\040\000R\000u\000n\000w\000a\000y\000I\000n\000f\000o\000\040\000S\000t\000r\000u\000c\000t\000\040\000R\000e\000f\000e\000r\000e\000n\000c\000e}{chapter.2}% 139
\BOOKMARK [2][-]{subsection.2.10.1}{\376\377\0002\000.\0001\0000\000.\0001\000\040\000D\000e\000t\000a\000i\000l\000e\000d\000\040\000D\000e\000s\000c\000r\000i\000p\000t\000i\000o\000n}{section.2.10}% 140
\BOOKMARK [2][-]{subsection.2.10.2}{\376\377\0002\000.\0001\0000\000.\0002\000\040\000M\000e\000m\000b\000e\000r\000\040\000D\000a\000t\000a\000\040\000D\000o\000c\000u\000m\000e\000n\000t\000a\000t\000i\000o\000n}{section.2.10}% 141
\BOOKMARK [3][-]{subsubsection.2.10.2.1}{\376\377\0002\000.\0001\0000\000.\0002\000.\0001\000\040\000a\000r\000r\000i\000v\000i\000n\000g\000P\000l\000a\000n\000e\000s}{subsection.2.10.2}% 142
\BOOKMARK [3][-]{subsubsection.2.10.2.2}{\376\377\0002\000.\0001\0000\000.\0002\000.\0002\000\040\000d\000e\000p\000a\000r\000t\000i\000n\000g\000P\000l\000a\000n\000e\000s}{subsection.2.10.2}% 143
\BOOKMARK [3][-]{subsubsection.2.10.2.3}{\376\377\0002\000.\0001\0000\000.\0002\000.\0003\000\040\000r\000u\000n\000w\000a\000y}{subsection.2.10.2}% 144
\BOOKMARK [1][-]{section.2.11}{\376\377\0002\000.\0001\0001\000\040\000S\000y\000s\000t\000e\000m\000\040\000C\000l\000a\000s\000s\000\040\000R\000e\000f\000e\000r\000e\000n\000c\000e}{chapter.2}% 145
\BOOKMARK [2][-]{subsection.2.11.1}{\376\377\0002\000.\0001\0001\000.\0001\000\040\000D\000e\000t\000a\000i\000l\000e\000d\000\040\000D\000e\000s\000c\000r\000i\000p\000t\000i\000o\000n}{section.2.11}% 146
\BOOKMARK [2][-]{subsection.2.11.2}{\376\377\0002\000.\0001\0001\000.\0002\000\040\000C\000o\000n\000s\000t\000r\000u\000c\000t\000o\000r\000\040\000\046\000\040\000D\000e\000s\000t\000r\000u\000c\000t\000o\000r\000\040\000D\000o\000c\000u\000m\000e\000n\000t\000a\000t\000i\000o\000n}{section.2.11}% 147
\BOOKMARK [3][-]{subsubsection.2.11.2.1}{\376\377\0002\000.\0001\0001\000.\0002\000.\0001\000\040\000S\000y\000s\000t\000e\000m\000\050\000c\000o\000n\000s\000t\000\040\000I\000n\000p\000u\000t\000\040\000i\000n\000p\000u\000t\000,\000\040\000s\000t\000d\000:\000:\000o\000s\000t\000r\000e\000a\000m\000\040\000a\000t\000c\000,\000\040\000c\000o\000n\000s\000t\000\040\000T\000i\000m\000e\000\040\000e\000n\000d\000\051}{subsection.2.11.2}% 148
\BOOKMARK [3][-]{subsubsection.2.11.2.2}{\376\377\0002\000.\0001\0001\000.\0002\000.\0002\000\040\000\040\000S\000y\000s\000t\000e\000m\000\050\000\051}{subsection.2.11.2}% 149
\BOOKMARK [2][-]{subsection.2.11.3}{\376\377\0002\000.\0001\0001\000.\0003\000\040\000M\000e\000m\000b\000e\000r\000\040\000F\000u\000n\000c\000t\000i\000o\000n\000\040\000D\000o\000c\000u\000m\000e\000n\000t\000a\000t\000i\000o\000n}{section.2.11}% 150
\BOOKMARK [3][-]{subsubsection.2.11.3.1}{\376\377\0002\000.\0001\0001\000.\0003\000.\0001\000\040\000g\000e\000n\000e\000r\000a\000t\000e\000I\000m\000a\000g\000e\000s\000\050\000T\000i\000m\000e\000\040\000s\000t\000a\000r\000t\000,\000\040\000T\000i\000m\000e\000\040\000e\000n\000d\000\051}{subsection.2.11.3}% 151
\BOOKMARK [3][-]{subsubsection.2.11.3.2}{\376\377\0002\000.\0001\0001\000.\0003\000.\0002\000\040\000g\000e\000t\000A\000i\000r\000p\000o\000r\000t\000\050\000\051\000\040\000c\000o\000n\000s\000t\000\040}{subsection.2.11.3}% 152
\BOOKMARK [3][-]{subsubsection.2.11.3.3}{\376\377\0002\000.\0001\0001\000.\0003\000.\0003\000\040\000g\000e\000t\000A\000T\000C\000\050\000\051\000\040\000c\000o\000n\000s\000t\000\040}{subsection.2.11.3}% 153
\BOOKMARK [3][-]{subsubsection.2.11.3.4}{\376\377\0002\000.\0001\0001\000.\0003\000.\0004\000\040\000g\000e\000t\000F\000l\000i\000g\000h\000t\000P\000l\000a\000n\000s\000\050\000\051\000\040\000c\000o\000n\000s\000t\000\040}{subsection.2.11.3}% 154
\BOOKMARK [3][-]{subsubsection.2.11.3.5}{\376\377\0002\000.\0001\0001\000.\0003\000.\0005\000\040\000i\000n\000f\000o\000\050\000s\000t\000d\000:\000:\000o\000s\000t\000r\000e\000a\000m\000\040\000o\000u\000t\000\051}{subsection.2.11.3}% 155
\BOOKMARK [3][-]{subsubsection.2.11.3.6}{\376\377\0002\000.\0001\0001\000.\0003\000.\0006\000\040\000p\000r\000o\000p\000e\000r\000l\000y\000I\000n\000i\000t\000i\000a\000l\000i\000z\000e\000d\000\050\000\051\000\040\000c\000o\000n\000s\000t\000\040}{subsection.2.11.3}% 156
\BOOKMARK [3][-]{subsubsection.2.11.3.7}{\376\377\0002\000.\0001\0001\000.\0003\000.\0007\000\040\000r\000u\000n\000\050\000s\000t\000d\000:\000:\000o\000s\000t\000r\000e\000a\000m\000\040\000l\000o\000g\000,\000\040\000c\000o\000n\000s\000t\000\040\000s\000t\000d\000:\000:\000s\000t\000r\000i\000n\000g\000\040\000i\000m\000p\000r\000e\000s\000s\000i\000o\000n\000N\000a\000m\000e\000=\000"\000.\000.\000/\000o\000u\000t\000p\000u\000t\000/\000i\000m\000p\000r\000e\000s\000s\000i\000o\000n\000s\000/\000i\000m\000p\000r\000e\000s\000s\000i\000o\000n\000"\000,\000\040\000c\000o\000n\000s\000t\000\040\000s\000t\000d\000:\000:\000s\000t\000r\000i\000n\000g\000\040\000i\000n\000i\000N\000a\000m\000e\000=\000"\000.\000.\000/\000o\000u\000t\000p\000u\000t\000/\000i\000n\000i\000/\000g\000r\000a\000p\000h\000i\000c\000s\000"\000\051}{subsection.2.11.3}% 157
\BOOKMARK [3][-]{subsubsection.2.11.3.8}{\376\377\0002\000.\0001\0001\000.\0003\000.\0008\000\040\000s\000i\000m\000u\000l\000a\000t\000i\000o\000n\000F\000i\000n\000i\000s\000h\000e\000d\000\050\000\051\000\040\000c\000o\000n\000s\000t\000\040}{subsection.2.11.3}% 158
\BOOKMARK [1][-]{section.2.12}{\376\377\0002\000.\0001\0002\000\040\000T\000i\000m\000e\000\040\000C\000l\000a\000s\000s\000\040\000R\000e\000f\000e\000r\000e\000n\000c\000e}{chapter.2}% 159
\BOOKMARK [2][-]{subsection.2.12.1}{\376\377\0002\000.\0001\0002\000.\0001\000\040\000D\000e\000t\000a\000i\000l\000e\000d\000\040\000D\000e\000s\000c\000r\000i\000p\000t\000i\000o\000n}{section.2.12}% 160
\BOOKMARK [2][-]{subsection.2.12.2}{\376\377\0002\000.\0001\0002\000.\0002\000\040\000C\000o\000n\000s\000t\000r\000u\000c\000t\000o\000r\000\040\000\046\000\040\000D\000e\000s\000t\000r\000u\000c\000t\000o\000r\000\040\000D\000o\000c\000u\000m\000e\000n\000t\000a\000t\000i\000o\000n}{section.2.12}% 161
\BOOKMARK [3][-]{subsubsection.2.12.2.1}{\376\377\0002\000.\0001\0002\000.\0002\000.\0001\000\040\000T\000i\000m\000e\000\050\000i\000n\000t\000\040\000h\000o\000u\000r\000=\0001\0002\000,\000\040\000i\000n\000t\000\040\000m\000i\000n\000u\000t\000e\000=\0000\000\051}{subsection.2.12.2}% 162
\BOOKMARK [3][-]{subsubsection.2.12.2.2}{\376\377\0002\000.\0001\0002\000.\0002\000.\0002\000\040\000T\000i\000m\000e\000\050\000c\000o\000n\000s\000t\000\040\000T\000i\000m\000e\000\040\000t\000i\000m\000e\000\051}{subsection.2.12.2}% 163
\BOOKMARK [2][-]{subsection.2.12.3}{\376\377\0002\000.\0001\0002\000.\0003\000\040\000M\000e\000m\000b\000e\000r\000\040\000F\000u\000n\000c\000t\000i\000o\000n\000\040\000D\000o\000c\000u\000m\000e\000n\000t\000a\000t\000i\000o\000n}{section.2.12}% 164
\BOOKMARK [3][-]{subsubsection.2.12.3.1}{\376\377\0002\000.\0001\0002\000.\0003\000.\0001\000\040\000a\000d\000v\000a\000n\000c\000e\000\050\000i\000n\000t\000\040\000m\000i\000n\000u\000t\000e\000s\000=\0001\000\051}{subsection.2.12.3}% 165
\BOOKMARK [3][-]{subsubsection.2.12.3.2}{\376\377\0002\000.\0001\0002\000.\0003\000.\0002\000\040\000f\000o\000r\000m\000a\000t\000t\000e\000d\000\050\000\051\000\040\000c\000o\000n\000s\000t\000\040}{subsection.2.12.3}% 166
\BOOKMARK [3][-]{subsubsection.2.12.3.3}{\376\377\0002\000.\0001\0002\000.\0003\000.\0003\000\040\000g\000e\000t\000H\000o\000u\000r\000\050\000\051\000\040\000c\000o\000n\000s\000t\000\040}{subsection.2.12.3}% 167
\BOOKMARK [3][-]{subsubsection.2.12.3.4}{\376\377\0002\000.\0001\0002\000.\0003\000.\0004\000\040\000g\000e\000t\000M\000i\000n\000u\000t\000e\000\050\000\051\000\040\000c\000o\000n\000s\000t\000\040}{subsection.2.12.3}% 168
\BOOKMARK [3][-]{subsubsection.2.12.3.5}{\376\377\0002\000.\0001\0002\000.\0003\000.\0005\000\040\000o\000p\000e\000r\000a\000t\000o\000r\000<\000\050\000c\000o\000n\000s\000t\000\040\000T\000i\000m\000e\000\040\000\051\000\040\000c\000o\000n\000s\000t\000\040}{subsection.2.12.3}% 169
\BOOKMARK [3][-]{subsubsection.2.12.3.6}{\376\377\0002\000.\0001\0002\000.\0003\000.\0006\000\040\000o\000p\000e\000r\000a\000t\000o\000r\000=\000\050\000c\000o\000n\000s\000t\000\040\000T\000i\000m\000e\000\040\000t\000i\000m\000e\000\051}{subsection.2.12.3}% 170
\BOOKMARK [3][-]{subsubsection.2.12.3.7}{\376\377\0002\000.\0001\0002\000.\0003\000.\0007\000\040\000o\000p\000e\000r\000a\000t\000o\000r\000=\000=\000\050\000c\000o\000n\000s\000t\000\040\000T\000i\000m\000e\000\040\000\051\000\040\000c\000o\000n\000s\000t\000\040}{subsection.2.12.3}% 171
\BOOKMARK [3][-]{subsubsection.2.12.3.8}{\376\377\0002\000.\0001\0002\000.\0003\000.\0008\000\040\000p\000r\000o\000p\000e\000r\000l\000y\000I\000n\000i\000t\000i\000a\000l\000i\000z\000e\000d\000\050\000\051\000\040\000c\000o\000n\000s\000t\000\040}{subsection.2.12.3}% 172
\BOOKMARK [3][-]{subsubsection.2.12.3.9}{\376\377\0002\000.\0001\0002\000.\0003\000.\0009\000\040\000s\000e\000t\000H\000o\000u\000r\000\050\000i\000n\000t\000\040\000h\000o\000u\000r\000\051}{subsection.2.12.3}% 173
\BOOKMARK [3][-]{subsubsection.2.12.3.10}{\376\377\0002\000.\0001\0002\000.\0003\000.\0001\0000\000\040\000s\000e\000t\000M\000i\000n\000u\000t\000e\000\050\000i\000n\000t\000\040\000m\000i\000n\000u\000t\000e\000\051}{subsection.2.12.3}% 174
\BOOKMARK [0][-]{section*.19}{\376\377\000I\000n\000d\000e\000x}{}% 175
